<?xml version="1.0" encoding="UTF-8"?>
<testng-results ignored="0" total="1" passed="1" failed="0" skipped="0">
  <reporter-output>
    <line>
      <![CDATA[Google]]>
    </line>
  </reporter-output>
  <suite started-at="2022-09-07T11:49:24 IST" name="Default suite" finished-at="2022-09-07T11:49:31 IST" duration-ms="7002">
    <groups>
    </groups>
    <test started-at="2022-09-07T11:49:24 IST" name="Default test" finished-at="2022-09-07T11:49:31 IST" duration-ms="7002">
      <class name="testngpractice.Asserts">
        <test-method signature="demo()[pri:0, instance:testngpractice.Asserts@10959ece]" started-at="2022-09-07T11:49:24 IST" name="demo" finished-at="2022-09-07T11:49:31 IST" duration-ms="6953" status="PASS">
          <reporter-output>
            <line>
              <![CDATA[Google]]>
            </line>
          </reporter-output>
        </test-method> <!-- demo -->
      </class> <!-- testngpractice.Asserts -->
    </test> <!-- Default test -->
  </suite> <!-- Default suite -->
</testng-results>
